<?xml version="1.0" encoding="UTF-8"?>
<!-- Generated by org.testng.reporters.JUnitReportReporter -->
<testsuite hostname="ChiragsPc" failures="0" tests="1" name="testing.Testinggithub" time="0.011" errors="0" timestamp="2021-12-09T15:04:20 IST" skipped="0">
  <testcase classname="testing.Testinggithub" name="user" time="0.011"/>
  <system-out/>
</testsuite> <!-- testing.Testinggithub -->
